<?xml version="1.0" encoding="UTF-8"?>
<!-- Generated by org.testng.reporters.JUnitXMLReporter -->
<testsuite ignored="0" hostname="DESKTOP-5NU9MOJ" failures="0" tests="3" name="Default test(failed)" time="2.679" errors="0" timestamp="2023-01-09T12:11:06 IST">
  <testcase classname="testng.tutorials.DataProviderUsingExcel" name="readData" time="0.017"/>
  <testcase classname="testng.tutorials.DataProviderUsingExcel" name="readData" time="0.011"/>
  <testcase classname="testng.tutorials.DataProviderUsingExcel" name="readData" time="0.012"/>
</testsuite> <!-- Default test(failed) -->
