<?xml version="1.0" encoding="UTF-8"?>
<!-- Generated by org.testng.reporters.JUnitXMLReporter -->
<testsuite ignored="0" hostname="DESKTOP-5NU9MOJ" failures="0" tests="3" name="Default test" time="0.564" errors="0" timestamp="2023-01-20T16:33:53 IST">
  <testcase classname="practice_package.dataprovider" name="useData" time="0.011"/>
  <testcase classname="practice_package.dataprovider" name="useData" time="0.007"/>
  <testcase classname="practice_package.dataprovider" name="useData" time="0.01"/>
</testsuite> <!-- Default test -->
