<?xml version="1.0" encoding="UTF-8"?>
<!-- Generated by org.testng.reporters.JUnitXMLReporter -->
<testsuite ignored="12" hostname="DESKTOP-5NU9MOJ" failures="1" tests="11" name="Test" time="18.676" errors="0" timestamp="2023-01-11T14:53:43 IST">
  <testcase classname="com.societymanagement.genrics.BaseClass" name="@BeforeMethod loginToApp" time="0.002">
    <failure type="java.lang.NullPointerException" message="Cannot invoke &amp;quot;org.openqa.selenium.WebDriver.get(String)&amp;quot; because &amp;quot;this.driver&amp;quot; is null">
      <![CDATA[java.lang.NullPointerException: Cannot invoke "org.openqa.selenium.WebDriver.get(String)" because "this.driver" is null
at com.societymanagement.genrics.BaseClass.loginToApp(BaseClass.java:58)
at java.base/java.util.ArrayList.forEach(ArrayList.java:1511)
at java.base/java.util.concurrent.FutureTask.run(FutureTask.java:264)
at java.base/java.util.concurrent.ThreadPoolExecutor.runWorker(ThreadPoolExecutor.java:1136)
at java.base/java.util.concurrent.ThreadPoolExecutor$Worker.run(ThreadPoolExecutor.java:635)
at java.base/java.lang.Thread.run(Thread.java:833)
... Removed 22 stack frames]]>
    </failure>
  </testcase> <!-- @BeforeMethod loginToApp -->
  <testcase classname="com.societymanagement.genrics.BaseClass" name="@AfterMethod logoutFromApp" time="-1.673429022142E9">
    <skipped/>
  </testcase> <!-- @AfterMethod logoutFromApp -->
  <testcase classname="com.societymanagement.genrics.BaseClass" name="@BeforeMethod loginToApp" time="-1.67342902215E9">
    <skipped/>
  </testcase> <!-- @BeforeMethod loginToApp -->
  <testcase classname="com.societymanagement.genrics.BaseClass" name="@AfterMethod logoutFromApp" time="-1.673429022182E9">
    <skipped/>
  </testcase> <!-- @AfterMethod logoutFromApp -->
  <testcase classname="com.societymanagement.genrics.BaseClass" name="@BeforeMethod loginToApp" time="0.004">
    <failure type="java.lang.NullPointerException" message="Cannot invoke &amp;quot;org.openqa.selenium.WebDriver.get(String)&amp;quot; because &amp;quot;this.driver&amp;quot; is null">
      <![CDATA[java.lang.NullPointerException: Cannot invoke "org.openqa.selenium.WebDriver.get(String)" because "this.driver" is null
at com.societymanagement.genrics.BaseClass.loginToApp(BaseClass.java:58)
at java.base/java.util.ArrayList.forEach(ArrayList.java:1511)
at java.base/java.util.concurrent.FutureTask.run(FutureTask.java:264)
at java.base/java.util.concurrent.ThreadPoolExecutor.runWorker(ThreadPoolExecutor.java:1136)
at java.base/java.util.concurrent.ThreadPoolExecutor$Worker.run(ThreadPoolExecutor.java:635)
at java.base/java.lang.Thread.run(Thread.java:833)
... Removed 22 stack frames]]>
    </failure>
  </testcase> <!-- @BeforeMethod loginToApp -->
  <testcase classname="com.societymanagement.genrics.BaseClass" name="@AfterMethod logoutFromApp" time="-1.673429022224E9">
    <skipped/>
  </testcase> <!-- @AfterMethod logoutFromApp -->
  <testcase classname="com.societymanagement.genrics.BaseClass" name="@BeforeMethod loginToApp" time="0.002">
    <failure type="java.lang.NullPointerException" message="Cannot invoke &amp;quot;org.openqa.selenium.WebDriver.get(String)&amp;quot; because &amp;quot;this.driver&amp;quot; is null">
      <![CDATA[java.lang.NullPointerException: Cannot invoke "org.openqa.selenium.WebDriver.get(String)" because "this.driver" is null
at com.societymanagement.genrics.BaseClass.loginToApp(BaseClass.java:58)
at java.base/java.util.ArrayList.forEach(ArrayList.java:1511)
at java.base/java.util.concurrent.FutureTask.run(FutureTask.java:264)
at java.base/java.util.concurrent.ThreadPoolExecutor.runWorker(ThreadPoolExecutor.java:1136)
at java.base/java.util.concurrent.ThreadPoolExecutor$Worker.run(ThreadPoolExecutor.java:635)
at java.base/java.lang.Thread.run(Thread.java:833)
... Removed 22 stack frames]]>
    </failure>
  </testcase> <!-- @BeforeMethod loginToApp -->
  <testcase classname="com.societymanagement.genrics.BaseClass" name="@AfterMethod logoutFromApp" time="-1.673429022251E9">
    <skipped/>
  </testcase> <!-- @AfterMethod logoutFromApp -->
  <testcase classname="com.societymanagement.genrics.BaseClass" name="@BeforeMethod loginToApp" time="-1.673429022254E9">
    <skipped/>
  </testcase> <!-- @BeforeMethod loginToApp -->
  <testcase classname="com.societymanagement.genrics.BaseClass" name="@AfterMethod logoutFromApp" time="-1.673429022266E9">
    <skipped/>
  </testcase> <!-- @AfterMethod logoutFromApp -->
  <testcase classname="com.societyManagment.expensses.testscript.createSearchAndDeleteExpenssesTest" name="createExpensses" time="5.462">
    <failure type="java.lang.AssertionError" message="null">
      <![CDATA[java.lang.AssertionError: null
at com.societyManagment.expensses.testscript.createSearchAndDeleteExpenssesTest.createExpensses(createSearchAndDeleteExpenssesTest.java:34)
at java.base/java.util.ArrayList.forEach(ArrayList.java:1511)
at java.base/java.util.concurrent.FutureTask.run(FutureTask.java:264)
at java.base/java.util.concurrent.ThreadPoolExecutor.runWorker(ThreadPoolExecutor.java:1136)
at java.base/java.util.concurrent.ThreadPoolExecutor$Worker.run(ThreadPoolExecutor.java:635)
at java.base/java.lang.Thread.run(Thread.java:833)
... Removed 20 stack frames]]>
    </failure>
  </testcase> <!-- createExpensses -->
  <testcase classname="com.societyManagment.expensses.testscript.createSearchAndDeleteExpenssesTest" name="searchAndDeleteExpensses" time="4.759"/>
  <testcase classname="com.SocietyManagementSystem.Activities.testscript.createSearchAndDeleteActivitiesTest" name="createActivites" time="0.0">
    <skipped/>
  </testcase> <!-- createActivites -->
  <testcase classname="com.SocietyManagementSystem.Activities.testscript.createSearchAndDeleteActivitiesTest" name="searchActivites" time="0.0">
    <skipped/>
  </testcase> <!-- searchActivites -->
  <testcase classname="com.societyManagment.accounts.testscript.createSearchAndDeleteStudentTest" name="createStudent" time="0.0">
    <skipped/>
  </testcase> <!-- createStudent -->
  <testcase classname="com.societyManagment.accounts.testscript.createSearchAndDeleteAdminTest" name="createAdministrator" time="0.0">
    <skipped/>
  </testcase> <!-- createAdministrator -->
  <testcase classname="com.societyManagment.accounts.testscript.createSearchAndDeleteAdminTest" name="printAllAdmin" time="0.0">
    <skipped/>
  </testcase> <!-- printAllAdmin -->
  <testcase classname="com.societyManagment.accounts.testscript.createSearchAndDeleteStudentTest" name="searchStudent" time="0.0">
    <skipped/>
  </testcase> <!-- searchStudent -->
  <testcase classname="com.societyManagment.accounts.testscript.createSearchAndDeleteAdminTest" name="searchAdmin" time="0.0">
    <skipped/>
  </testcase> <!-- searchAdmin -->
  <testcase classname="com.societyManagment.accounts.testscript.createSearchAndDeleteStudentTest" name="deleteStudent" time="0.0">
    <skipped/>
  </testcase> <!-- deleteStudent -->
  <testcase classname="com.societyManagment.accounts.testscript.createSearchAndDeleteAdminTest" name="deleteAdmin" time="0.0">
    <skipped/>
  </testcase> <!-- deleteAdmin -->
  <testcase classname="com.societymanagement.genrics.BaseClass" name="@AfterSuite tearDownDb" time="0.0">
    <ignored/>
  </testcase> <!-- @AfterSuite tearDownDb -->
  <testcase classname="com.societymanagement.genrics.BaseClass" name="@AfterSuite tearDownDb" time="0.0">
    <ignored/>
  </testcase> <!-- @AfterSuite tearDownDb -->
  <testcase classname="com.societymanagement.genrics.BaseClass" name="@AfterSuite tearDownDb" time="0.0">
    <ignored/>
  </testcase> <!-- @AfterSuite tearDownDb -->
  <testcase classname="com.societymanagement.genrics.BaseClass" name="@AfterTest tearDownApplication" time="0.0">
    <ignored/>
  </testcase> <!-- @AfterTest tearDownApplication -->
  <testcase classname="com.societymanagement.genrics.BaseClass" name="@AfterTest tearDownApplication" time="0.0">
    <ignored/>
  </testcase> <!-- @AfterTest tearDownApplication -->
  <testcase classname="com.societymanagement.genrics.BaseClass" name="@AfterTest tearDownApplication" time="0.0">
    <ignored/>
  </testcase> <!-- @AfterTest tearDownApplication -->
  <testcase classname="com.societymanagement.genrics.BaseClass" name="@BeforeTest launchBrowser" time="0.0">
    <ignored/>
  </testcase> <!-- @BeforeTest launchBrowser -->
  <testcase classname="com.societymanagement.genrics.BaseClass" name="@BeforeTest launchBrowser" time="0.0">
    <ignored/>
  </testcase> <!-- @BeforeTest launchBrowser -->
  <testcase classname="com.societymanagement.genrics.BaseClass" name="@BeforeTest launchBrowser" time="0.0">
    <ignored/>
  </testcase> <!-- @BeforeTest launchBrowser -->
  <testcase classname="com.societymanagement.genrics.BaseClass" name="@BeforeSuite connectToDb" time="0.0">
    <ignored/>
  </testcase> <!-- @BeforeSuite connectToDb -->
  <testcase classname="com.societymanagement.genrics.BaseClass" name="@BeforeSuite connectToDb" time="0.0">
    <ignored/>
  </testcase> <!-- @BeforeSuite connectToDb -->
  <testcase classname="com.societymanagement.genrics.BaseClass" name="@BeforeSuite connectToDb" time="0.0">
    <ignored/>
  </testcase> <!-- @BeforeSuite connectToDb -->
</testsuite> <!-- Test -->
