<?xml version="1.0" encoding="UTF-8"?>
<testng-results ignored="0" total="3" passed="3" failed="0" skipped="0">
  <reporter-output>
  </reporter-output>
  <suite started-at="2023-01-20T16:33:53 IST" name="Default suite" finished-at="2023-01-20T16:33:53 IST" duration-ms="564">
    <groups>
    </groups>
    <test started-at="2023-01-20T16:33:53 IST" name="Default test" finished-at="2023-01-20T16:33:53 IST" duration-ms="564">
      <class name="practice_package.dataprovider">
        <test-method signature="useData(java.util.HashMap)[pri:0, instance:practice_package.dataprovider@2ed2d9cb]" started-at="2023-01-20T16:33:53 IST" name="useData" data-provider="getData" finished-at="2023-01-20T16:33:53 IST" duration-ms="11" status="PASS">
          <params>
            <param index="0">
              <value>
                <![CDATA[{password=Iamking@000, product=ZARA COAT 3, email=anshika@gmail.com}]]>
              </value>
            </param>
          </params>
          <reporter-output>
          </reporter-output>
        </test-method> <!-- useData -->
        <test-method signature="useData(java.util.HashMap)[pri:0, instance:practice_package.dataprovider@2ed2d9cb]" started-at="2023-01-20T16:33:53 IST" name="useData" data-provider="getData" finished-at="2023-01-20T16:33:53 IST" duration-ms="7" status="PASS">
          <params>
            <param index="0">
              <value>
                <![CDATA[{password=Iamking@000, product=ADIDAS ORIGINAL, email=shetty@gmail.com}]]>
              </value>
            </param>
          </params>
          <reporter-output>
          </reporter-output>
        </test-method> <!-- useData -->
        <test-method signature="useData(java.util.HashMap)[pri:0, instance:practice_package.dataprovider@2ed2d9cb]" started-at="2023-01-20T16:33:53 IST" name="useData" data-provider="getData" finished-at="2023-01-20T16:33:53 IST" duration-ms="10" status="PASS">
          <params>
            <param index="0">
              <value>
                <![CDATA[{password=Iamking@000, product=Campus Sutra, email=nitishbabu4@gmail.com}]]>
              </value>
            </param>
          </params>
          <reporter-output>
          </reporter-output>
        </test-method> <!-- useData -->
      </class> <!-- practice_package.dataprovider -->
    </test> <!-- Default test -->
  </suite> <!-- Default suite -->
</testng-results>
